{"$message_type":"diagnostic","message":"cannot find type `S` in this scope","code":{"code":"E0412","explanation":"A used type name is not in scope.\n\nErroneous code examples:\n\n```compile_fail,E0412\nimpl Something {} // error: type name `Something` is not in scope\n\n// or:\n\ntrait Foo {\n    fn bar(N); // error: type name `N` is not in scope\n}\n\n// or:\n\nfn foo(x: T) {} // type name `T` is not in scope\n```\n\nTo fix this error, please verify you didn't misspell the type name, you did\ndeclare it or imported it into the scope. Examples:\n\n```\nstruct Something;\n\nimpl Something {} // ok!\n\n// or:\n\ntrait Foo {\n    type N;\n\n    fn bar(_: Self::N); // ok!\n}\n\n// or:\n\nfn foo<T>(x: T) {} // ok!\n```\n\nAnother case that causes this error is when a type is imported into a parent\nmodule. To fix this, you can follow the suggestion and use File directly or\n`use super::File;` which will import the types from the parent namespace. An\nexample that causes this error is below:\n\n```compile_fail,E0412\nuse std::fs::File;\n\nmod foo {\n    fn some_function(f: File) {}\n}\n```\n\n```\nuse std::fs::File;\n\nmod foo {\n    // either\n    use super::File;\n    // or\n    // use std::fs::File;\n    fn foo(f: File) {}\n}\n# fn main() {} // don't insert it for us; that'll break imports\n```\n"},"level":"error","spans":[{"file_name":"src/serializer.rs","byte_start":2805,"byte_end":2806,"line_start":92,"line_end":92,"column_start":69,"column_end":70,"is_primary":true,"text":[{"text":"    fn deserialize(data: &[u8], deserializer: &mut Deserializer) -> S;","highlight_start":69,"highlight_end":70}],"label":"not found in this scope","suggested_replacement":null,"suggestion_applicability":null,"expansion":null}],"children":[],"rendered":"\u001b[1m\u001b[91merror[E0412]\u001b[0m\u001b[1m: cannot find type `S` in this scope\u001b[0m\n  \u001b[1m\u001b[94m--> \u001b[0msrc/serializer.rs:92:69\n   \u001b[1m\u001b[94m|\u001b[0m\n\u001b[1m\u001b[94m92\u001b[0m \u001b[1m\u001b[94m|\u001b[0m     fn deserialize(data: &[u8], deserializer: &mut Deserializer) -> S;\n   \u001b[1m\u001b[94m|\u001b[0m                                                                     \u001b[1m\u001b[91m^\u001b[0m \u001b[1m\u001b[91mnot found in this scope\u001b[0m\n\n"}
{"$message_type":"diagnostic","message":"cannot find type `S` in this scope","code":{"code":"E0412","explanation":"A used type name is not in scope.\n\nErroneous code examples:\n\n```compile_fail,E0412\nimpl Something {} // error: type name `Something` is not in scope\n\n// or:\n\ntrait Foo {\n    fn bar(N); // error: type name `N` is not in scope\n}\n\n// or:\n\nfn foo(x: T) {} // type name `T` is not in scope\n```\n\nTo fix this error, please verify you didn't misspell the type name, you did\ndeclare it or imported it into the scope. Examples:\n\n```\nstruct Something;\n\nimpl Something {} // ok!\n\n// or:\n\ntrait Foo {\n    type N;\n\n    fn bar(_: Self::N); // ok!\n}\n\n// or:\n\nfn foo<T>(x: T) {} // ok!\n```\n\nAnother case that causes this error is when a type is imported into a parent\nmodule. To fix this, you can follow the suggestion and use File directly or\n`use super::File;` which will import the types from the parent namespace. An\nexample that causes this error is below:\n\n```compile_fail,E0412\nuse std::fs::File;\n\nmod foo {\n    fn some_function(f: File) {}\n}\n```\n\n```\nuse std::fs::File;\n\nmod foo {\n    // either\n    use super::File;\n    // or\n    // use std::fs::File;\n    fn foo(f: File) {}\n}\n# fn main() {} // don't insert it for us; that'll break imports\n```\n"},"level":"error","spans":[{"file_name":"src/main.rs","byte_start":448,"byte_end":449,"line_start":19,"line_end":19,"column_start":69,"column_end":70,"is_primary":true,"text":[{"text":"    fn deserialize(data: &[u8], deserializer: &mut Deserializer) -> S {","highlight_start":69,"highlight_end":70}],"label":"not found in this scope","suggested_replacement":null,"suggestion_applicability":null,"expansion":null}],"children":[],"rendered":"\u001b[1m\u001b[91merror[E0412]\u001b[0m\u001b[1m: cannot find type `S` in this scope\u001b[0m\n  \u001b[1m\u001b[94m--> \u001b[0msrc/main.rs:19:69\n   \u001b[1m\u001b[94m|\u001b[0m\n\u001b[1m\u001b[94m19\u001b[0m \u001b[1m\u001b[94m|\u001b[0m     fn deserialize(data: &[u8], deserializer: &mut Deserializer) -> S {\n   \u001b[1m\u001b[94m|\u001b[0m                                                                     \u001b[1m\u001b[91m^\u001b[0m \u001b[1m\u001b[91mnot found in this scope\u001b[0m\n\n"}
{"$message_type":"diagnostic","message":"cannot find function `default` in this scope","code":{"code":"E0425","explanation":"An unresolved name was used.\n\nErroneous code examples:\n\n```compile_fail,E0425\nsomething_that_doesnt_exist::foo;\n// error: unresolved name `something_that_doesnt_exist::foo`\n\n// or:\n\ntrait Foo {\n    fn bar() {\n        Self; // error: unresolved name `Self`\n    }\n}\n\n// or:\n\nlet x = unknown_variable;  // error: unresolved name `unknown_variable`\n```\n\nPlease verify that the name wasn't misspelled and ensure that the\nidentifier being referred to is valid for the given situation. Example:\n\n```\nenum something_that_does_exist {\n    Foo,\n}\n```\n\nOr:\n\n```\nmod something_that_does_exist {\n    pub static foo : i32 = 0i32;\n}\n\nsomething_that_does_exist::foo; // ok!\n```\n\nOr:\n\n```\nlet unknown_variable = 12u32;\nlet x = unknown_variable; // ok!\n```\n\nIf the item is not defined in the current module, it must be imported using a\n`use` statement, like so:\n\n```\n# mod foo { pub fn bar() {} }\n# fn main() {\nuse foo::bar;\nbar();\n# }\n```\n\nIf the item you are importing is not defined in some super-module of the\ncurrent module, then it must also be declared as public (e.g., `pub fn`).\n"},"level":"error","spans":[{"file_name":"src/serializer.rs","byte_start":1452,"byte_end":1459,"line_start":32,"line_end":32,"column_start":23,"column_end":30,"is_primary":true,"text":[{"text":"            integers: default(),","highlight_start":23,"highlight_end":30}],"label":"not found in this scope","suggested_replacement":null,"suggestion_applicability":null,"expansion":null}],"children":[],"rendered":"\u001b[1m\u001b[91merror[E0425]\u001b[0m\u001b[1m: cannot find function `default` in this scope\u001b[0m\n  \u001b[1m\u001b[94m--> \u001b[0msrc/serializer.rs:32:23\n   \u001b[1m\u001b[94m|\u001b[0m\n\u001b[1m\u001b[94m32\u001b[0m \u001b[1m\u001b[94m|\u001b[0m             integers: default(),\n   \u001b[1m\u001b[94m|\u001b[0m                       \u001b[1m\u001b[91m^^^^^^^\u001b[0m \u001b[1m\u001b[91mnot found in this scope\u001b[0m\n\n"}
{"$message_type":"diagnostic","message":"cannot find function `default` in this scope","code":{"code":"E0425","explanation":"An unresolved name was used.\n\nErroneous code examples:\n\n```compile_fail,E0425\nsomething_that_doesnt_exist::foo;\n// error: unresolved name `something_that_doesnt_exist::foo`\n\n// or:\n\ntrait Foo {\n    fn bar() {\n        Self; // error: unresolved name `Self`\n    }\n}\n\n// or:\n\nlet x = unknown_variable;  // error: unresolved name `unknown_variable`\n```\n\nPlease verify that the name wasn't misspelled and ensure that the\nidentifier being referred to is valid for the given situation. Example:\n\n```\nenum something_that_does_exist {\n    Foo,\n}\n```\n\nOr:\n\n```\nmod something_that_does_exist {\n    pub static foo : i32 = 0i32;\n}\n\nsomething_that_does_exist::foo; // ok!\n```\n\nOr:\n\n```\nlet unknown_variable = 12u32;\nlet x = unknown_variable; // ok!\n```\n\nIf the item is not defined in the current module, it must be imported using a\n`use` statement, like so:\n\n```\n# mod foo { pub fn bar() {} }\n# fn main() {\nuse foo::bar;\nbar();\n# }\n```\n\nIf the item you are importing is not defined in some super-module of the\ncurrent module, then it must also be declared as public (e.g., `pub fn`).\n"},"level":"error","spans":[{"file_name":"src/serializer.rs","byte_start":1484,"byte_end":1491,"line_start":33,"line_end":33,"column_start":22,"column_end":29,"is_primary":true,"text":[{"text":"            strings: default(),","highlight_start":22,"highlight_end":29}],"label":"not found in this scope","suggested_replacement":null,"suggestion_applicability":null,"expansion":null}],"children":[],"rendered":"\u001b[1m\u001b[91merror[E0425]\u001b[0m\u001b[1m: cannot find function `default` in this scope\u001b[0m\n  \u001b[1m\u001b[94m--> \u001b[0msrc/serializer.rs:33:22\n   \u001b[1m\u001b[94m|\u001b[0m\n\u001b[1m\u001b[94m33\u001b[0m \u001b[1m\u001b[94m|\u001b[0m             strings: default(),\n   \u001b[1m\u001b[94m|\u001b[0m                      \u001b[1m\u001b[91m^^^^^^^\u001b[0m \u001b[1m\u001b[91mnot found in this scope\u001b[0m\n\n"}
{"$message_type":"diagnostic","message":"cannot find function `default` in this scope","code":{"code":"E0425","explanation":"An unresolved name was used.\n\nErroneous code examples:\n\n```compile_fail,E0425\nsomething_that_doesnt_exist::foo;\n// error: unresolved name `something_that_doesnt_exist::foo`\n\n// or:\n\ntrait Foo {\n    fn bar() {\n        Self; // error: unresolved name `Self`\n    }\n}\n\n// or:\n\nlet x = unknown_variable;  // error: unresolved name `unknown_variable`\n```\n\nPlease verify that the name wasn't misspelled and ensure that the\nidentifier being referred to is valid for the given situation. Example:\n\n```\nenum something_that_does_exist {\n    Foo,\n}\n```\n\nOr:\n\n```\nmod something_that_does_exist {\n    pub static foo : i32 = 0i32;\n}\n\nsomething_that_does_exist::foo; // ok!\n```\n\nOr:\n\n```\nlet unknown_variable = 12u32;\nlet x = unknown_variable; // ok!\n```\n\nIf the item is not defined in the current module, it must be imported using a\n`use` statement, like so:\n\n```\n# mod foo { pub fn bar() {} }\n# fn main() {\nuse foo::bar;\nbar();\n# }\n```\n\nIf the item you are importing is not defined in some super-module of the\ncurrent module, then it must also be declared as public (e.g., `pub fn`).\n"},"level":"error","spans":[{"file_name":"src/serializer.rs","byte_start":1517,"byte_end":1524,"line_start":34,"line_end":34,"column_start":23,"column_end":30,"is_primary":true,"text":[{"text":"            booleans: default(),","highlight_start":23,"highlight_end":30}],"label":"not found in this scope","suggested_replacement":null,"suggestion_applicability":null,"expansion":null}],"children":[],"rendered":"\u001b[1m\u001b[91merror[E0425]\u001b[0m\u001b[1m: cannot find function `default` in this scope\u001b[0m\n  \u001b[1m\u001b[94m--> \u001b[0msrc/serializer.rs:34:23\n   \u001b[1m\u001b[94m|\u001b[0m\n\u001b[1m\u001b[94m34\u001b[0m \u001b[1m\u001b[94m|\u001b[0m             booleans: default(),\n   \u001b[1m\u001b[94m|\u001b[0m                       \u001b[1m\u001b[91m^^^^^^^\u001b[0m \u001b[1m\u001b[91mnot found in this scope\u001b[0m\n\n"}
{"$message_type":"diagnostic","message":"no method named `write_byte` found for struct `BitPacker<'a>` in the current scope","code":{"code":"E0599","explanation":"This error occurs when a method is used on a type which doesn't implement it:\n\nErroneous code example:\n\n```compile_fail,E0599\nstruct Mouth;\n\nlet x = Mouth;\nx.chocolate(); // error: no method named `chocolate` found for type `Mouth`\n               //        in the current scope\n```\n\nIn this case, you need to implement the `chocolate` method to fix the error:\n\n```\nstruct Mouth;\n\nimpl Mouth {\n    fn chocolate(&self) { // We implement the `chocolate` method here.\n        println!(\"Hmmm! I love chocolate!\");\n    }\n}\n\nlet x = Mouth;\nx.chocolate(); // ok!\n```\n"},"level":"error","spans":[{"file_name":"src/bit_packer.rs","byte_start":0,"byte_end":24,"line_start":1,"line_end":1,"column_start":1,"column_end":25,"is_primary":false,"text":[{"text":"pub struct BitPacker<'a> {","highlight_start":1,"highlight_end":25}],"label":"method `write_byte` not found for this struct","suggested_replacement":null,"suggestion_applicability":null,"expansion":null},{"file_name":"src/serializer.rs","byte_start":2336,"byte_end":2346,"line_start":69,"line_end":69,"column_start":24,"column_end":34,"is_primary":true,"text":[{"text":"                packer.write_byte(byte);","highlight_start":24,"highlight_end":34}],"label":null,"suggested_replacement":null,"suggestion_applicability":null,"expansion":null}],"children":[{"message":"there is a method `write_bytes` with a similar name","code":null,"level":"help","spans":[{"file_name":"src/serializer.rs","byte_start":2336,"byte_end":2346,"line_start":69,"line_end":69,"column_start":24,"column_end":34,"is_primary":true,"text":[{"text":"                packer.write_byte(byte);","highlight_start":24,"highlight_end":34}],"label":null,"suggested_replacement":"write_bytes","suggestion_applicability":"MaybeIncorrect","expansion":null}],"children":[],"rendered":null}],"rendered":"\u001b[1m\u001b[91merror[E0599]\u001b[0m\u001b[1m: no method named `write_byte` found for struct `BitPacker<'a>` in the current scope\u001b[0m\n  \u001b[1m\u001b[94m--> \u001b[0msrc/serializer.rs:69:24\n   \u001b[1m\u001b[94m|\u001b[0m\n\u001b[1m\u001b[94m69\u001b[0m \u001b[1m\u001b[94m|\u001b[0m                 packer.write_byte(byte);\n   \u001b[1m\u001b[94m|\u001b[0m                        \u001b[1m\u001b[91m^^^^^^^^^^\u001b[0m\n   \u001b[1m\u001b[94m|\u001b[0m\n  \u001b[1m\u001b[94m::: \u001b[0msrc/bit_packer.rs:1:1\n   \u001b[1m\u001b[94m|\u001b[0m\n \u001b[1m\u001b[94m1\u001b[0m \u001b[1m\u001b[94m|\u001b[0m pub struct BitPacker<'a> {\n   \u001b[1m\u001b[94m|\u001b[0m \u001b[1m\u001b[94m------------------------\u001b[0m \u001b[1m\u001b[94mmethod `write_byte` not found for this struct\u001b[0m\n   \u001b[1m\u001b[94m|\u001b[0m\n\u001b[1m\u001b[96mhelp\u001b[0m: there is a method `write_bytes` with a similar name\n   \u001b[1m\u001b[94m|\u001b[0m\n\u001b[1m\u001b[94m69\u001b[0m \u001b[1m\u001b[94m| \u001b[0m                packer.write_byte\u001b[92ms\u001b[0m(byte);\n   \u001b[1m\u001b[94m|\u001b[0m                                  \u001b[92m+\u001b[0m\n\n"}
{"$message_type":"diagnostic","message":"no method named `write_byte` found for struct `BitPacker<'a>` in the current scope","code":{"code":"E0599","explanation":"This error occurs when a method is used on a type which doesn't implement it:\n\nErroneous code example:\n\n```compile_fail,E0599\nstruct Mouth;\n\nlet x = Mouth;\nx.chocolate(); // error: no method named `chocolate` found for type `Mouth`\n               //        in the current scope\n```\n\nIn this case, you need to implement the `chocolate` method to fix the error:\n\n```\nstruct Mouth;\n\nimpl Mouth {\n    fn chocolate(&self) { // We implement the `chocolate` method here.\n        println!(\"Hmmm! I love chocolate!\");\n    }\n}\n\nlet x = Mouth;\nx.chocolate(); // ok!\n```\n"},"level":"error","spans":[{"file_name":"src/bit_packer.rs","byte_start":0,"byte_end":24,"line_start":1,"line_end":1,"column_start":1,"column_end":25,"is_primary":false,"text":[{"text":"pub struct BitPacker<'a> {","highlight_start":1,"highlight_end":25}],"label":"method `write_byte` not found for this struct","suggested_replacement":null,"suggestion_applicability":null,"expansion":null},{"file_name":"src/serializer.rs","byte_start":2388,"byte_end":2398,"line_start":72,"line_end":72,"column_start":20,"column_end":30,"is_primary":true,"text":[{"text":"            packer.write_byte(0); // null terminated","highlight_start":20,"highlight_end":30}],"label":null,"suggested_replacement":null,"suggestion_applicability":null,"expansion":null}],"children":[{"message":"there is a method `write_bytes` with a similar name","code":null,"level":"help","spans":[{"file_name":"src/serializer.rs","byte_start":2388,"byte_end":2398,"line_start":72,"line_end":72,"column_start":20,"column_end":30,"is_primary":true,"text":[{"text":"            packer.write_byte(0); // null terminated","highlight_start":20,"highlight_end":30}],"label":null,"suggested_replacement":"write_bytes","suggestion_applicability":"MaybeIncorrect","expansion":null}],"children":[],"rendered":null}],"rendered":"\u001b[1m\u001b[91merror[E0599]\u001b[0m\u001b[1m: no method named `write_byte` found for struct `BitPacker<'a>` in the current scope\u001b[0m\n  \u001b[1m\u001b[94m--> \u001b[0msrc/serializer.rs:72:20\n   \u001b[1m\u001b[94m|\u001b[0m\n\u001b[1m\u001b[94m72\u001b[0m \u001b[1m\u001b[94m|\u001b[0m             packer.write_byte(0); // null terminated\n   \u001b[1m\u001b[94m|\u001b[0m                    \u001b[1m\u001b[91m^^^^^^^^^^\u001b[0m\n   \u001b[1m\u001b[94m|\u001b[0m\n  \u001b[1m\u001b[94m::: \u001b[0msrc/bit_packer.rs:1:1\n   \u001b[1m\u001b[94m|\u001b[0m\n \u001b[1m\u001b[94m1\u001b[0m \u001b[1m\u001b[94m|\u001b[0m pub struct BitPacker<'a> {\n   \u001b[1m\u001b[94m|\u001b[0m \u001b[1m\u001b[94m------------------------\u001b[0m \u001b[1m\u001b[94mmethod `write_byte` not found for this struct\u001b[0m\n   \u001b[1m\u001b[94m|\u001b[0m\n\u001b[1m\u001b[96mhelp\u001b[0m: there is a method `write_bytes` with a similar name\n   \u001b[1m\u001b[94m|\u001b[0m\n\u001b[1m\u001b[94m72\u001b[0m \u001b[1m\u001b[94m| \u001b[0m            packer.write_byte\u001b[92ms\u001b[0m(0); // null terminated\n   \u001b[1m\u001b[94m|\u001b[0m                              \u001b[92m+\u001b[0m\n\n"}
{"$message_type":"diagnostic","message":"no method named `write_int` found for mutable reference `&mut Serializer` in the current scope","code":{"code":"E0599","explanation":"This error occurs when a method is used on a type which doesn't implement it:\n\nErroneous code example:\n\n```compile_fail,E0599\nstruct Mouth;\n\nlet x = Mouth;\nx.chocolate(); // error: no method named `chocolate` found for type `Mouth`\n               //        in the current scope\n```\n\nIn this case, you need to implement the `chocolate` method to fix the error:\n\n```\nstruct Mouth;\n\nimpl Mouth {\n    fn chocolate(&self) { // We implement the `chocolate` method here.\n        println!(\"Hmmm! I love chocolate!\");\n    }\n}\n\nlet x = Mouth;\nx.chocolate(); // ok!\n```\n"},"level":"error","spans":[{"file_name":"src/main.rs","byte_start":265,"byte_end":274,"line_start":14,"line_end":14,"column_start":20,"column_end":29,"is_primary":true,"text":[{"text":"        serializer.write_int(self.data);","highlight_start":20,"highlight_end":29}],"label":null,"suggested_replacement":null,"suggestion_applicability":null,"expansion":null}],"children":[{"message":"there is a method `write_i64` with a similar name","code":null,"level":"help","spans":[{"file_name":"src/main.rs","byte_start":265,"byte_end":274,"line_start":14,"line_end":14,"column_start":20,"column_end":29,"is_primary":true,"text":[{"text":"        serializer.write_int(self.data);","highlight_start":20,"highlight_end":29}],"label":null,"suggested_replacement":"write_i64","suggestion_applicability":"MaybeIncorrect","expansion":null}],"children":[],"rendered":null}],"rendered":"\u001b[1m\u001b[91merror[E0599]\u001b[0m\u001b[1m: no method named `write_int` found for mutable reference `&mut Serializer` in the current scope\u001b[0m\n  \u001b[1m\u001b[94m--> \u001b[0msrc/main.rs:14:20\n   \u001b[1m\u001b[94m|\u001b[0m\n\u001b[1m\u001b[94m14\u001b[0m \u001b[1m\u001b[94m|\u001b[0m         serializer.write_int(self.data);\n   \u001b[1m\u001b[94m|\u001b[0m                    \u001b[1m\u001b[91m^^^^^^^^^\u001b[0m\n   \u001b[1m\u001b[94m|\u001b[0m\n\u001b[1m\u001b[96mhelp\u001b[0m: there is a method `write_i64` with a similar name\n   \u001b[1m\u001b[94m|\u001b[0m\n\u001b[1m\u001b[94m14\u001b[0m \u001b[91m- \u001b[0m        serializer.\u001b[91mwrite_int\u001b[0m(self.data);\n\u001b[1m\u001b[94m14\u001b[0m \u001b[92m+ \u001b[0m        serializer.\u001b[92mwrite_i64\u001b[0m(self.data);\n   \u001b[1m\u001b[94m|\u001b[0m\n\n"}
{"$message_type":"diagnostic","message":"no method named `write_bool` found for mutable reference `&mut Serializer` in the current scope","code":{"code":"E0599","explanation":"This error occurs when a method is used on a type which doesn't implement it:\n\nErroneous code example:\n\n```compile_fail,E0599\nstruct Mouth;\n\nlet x = Mouth;\nx.chocolate(); // error: no method named `chocolate` found for type `Mouth`\n               //        in the current scope\n```\n\nIn this case, you need to implement the `chocolate` method to fix the error:\n\n```\nstruct Mouth;\n\nimpl Mouth {\n    fn chocolate(&self) { // We implement the `chocolate` method here.\n        println!(\"Hmmm! I love chocolate!\");\n    }\n}\n\nlet x = Mouth;\nx.chocolate(); // ok!\n```\n"},"level":"error","spans":[{"file_name":"src/main.rs","byte_start":350,"byte_end":360,"line_start":16,"line_end":16,"column_start":20,"column_end":30,"is_primary":true,"text":[{"text":"        serializer.write_bool(self.cool);","highlight_start":20,"highlight_end":30}],"label":null,"suggested_replacement":null,"suggestion_applicability":null,"expansion":null}],"children":[{"message":"there is a method `write_boolean` with a similar name","code":null,"level":"help","spans":[{"file_name":"src/main.rs","byte_start":350,"byte_end":360,"line_start":16,"line_end":16,"column_start":20,"column_end":30,"is_primary":true,"text":[{"text":"        serializer.write_bool(self.cool);","highlight_start":20,"highlight_end":30}],"label":null,"suggested_replacement":"write_boolean","suggestion_applicability":"MaybeIncorrect","expansion":null}],"children":[],"rendered":null}],"rendered":"\u001b[1m\u001b[91merror[E0599]\u001b[0m\u001b[1m: no method named `write_bool` found for mutable reference `&mut Serializer` in the current scope\u001b[0m\n  \u001b[1m\u001b[94m--> \u001b[0msrc/main.rs:16:20\n   \u001b[1m\u001b[94m|\u001b[0m\n\u001b[1m\u001b[94m16\u001b[0m \u001b[1m\u001b[94m|\u001b[0m         serializer.write_bool(self.cool);\n   \u001b[1m\u001b[94m|\u001b[0m                    \u001b[1m\u001b[91m^^^^^^^^^^\u001b[0m\n   \u001b[1m\u001b[94m|\u001b[0m\n\u001b[1m\u001b[96mhelp\u001b[0m: there is a method `write_boolean` with a similar name\n   \u001b[1m\u001b[94m|\u001b[0m\n\u001b[1m\u001b[94m16\u001b[0m \u001b[1m\u001b[94m| \u001b[0m        serializer.write_bool\u001b[92mean\u001b[0m(self.cool);\n   \u001b[1m\u001b[94m|\u001b[0m                              \u001b[92m+++\u001b[0m\n\n"}
{"$message_type":"diagnostic","message":"no function or associated item named `new` found for struct `Deserializer` in the current scope","code":{"code":"E0599","explanation":"This error occurs when a method is used on a type which doesn't implement it:\n\nErroneous code example:\n\n```compile_fail,E0599\nstruct Mouth;\n\nlet x = Mouth;\nx.chocolate(); // error: no method named `chocolate` found for type `Mouth`\n               //        in the current scope\n```\n\nIn this case, you need to implement the `chocolate` method to fix the error:\n\n```\nstruct Mouth;\n\nimpl Mouth {\n    fn chocolate(&self) { // We implement the `chocolate` method here.\n        println!(\"Hmmm! I love chocolate!\");\n    }\n}\n\nlet x = Mouth;\nx.chocolate(); // ok!\n```\n"},"level":"error","spans":[{"file_name":"src/main.rs","byte_start":575,"byte_end":578,"line_start":27,"line_end":27,"column_start":42,"column_end":45,"is_primary":true,"text":[{"text":"    let mut deserializer = Deserializer::new();","highlight_start":42,"highlight_end":45}],"label":"function or associated item not found in `Deserializer`","suggested_replacement":null,"suggestion_applicability":null,"expansion":null},{"file_name":"src/serializer.rs","byte_start":2441,"byte_end":2464,"line_start":77,"line_end":77,"column_start":1,"column_end":24,"is_primary":false,"text":[{"text":"pub struct Deserializer {","highlight_start":1,"highlight_end":24}],"label":"function or associated item `new` not found for this struct","suggested_replacement":null,"suggestion_applicability":null,"expansion":null}],"children":[],"rendered":"\u001b[1m\u001b[91merror[E0599]\u001b[0m\u001b[1m: no function or associated item named `new` found for struct `Deserializer` in the current scope\u001b[0m\n  \u001b[1m\u001b[94m--> \u001b[0msrc/main.rs:27:42\n   \u001b[1m\u001b[94m|\u001b[0m\n\u001b[1m\u001b[94m27\u001b[0m \u001b[1m\u001b[94m|\u001b[0m     let mut deserializer = Deserializer::new();\n   \u001b[1m\u001b[94m|\u001b[0m                                          \u001b[1m\u001b[91m^^^\u001b[0m \u001b[1m\u001b[91mfunction or associated item not found in `Deserializer`\u001b[0m\n   \u001b[1m\u001b[94m|\u001b[0m\n  \u001b[1m\u001b[94m::: \u001b[0msrc/serializer.rs:77:1\n   \u001b[1m\u001b[94m|\u001b[0m\n\u001b[1m\u001b[94m77\u001b[0m \u001b[1m\u001b[94m|\u001b[0m pub struct Deserializer {\n   \u001b[1m\u001b[94m|\u001b[0m \u001b[1m\u001b[94m-----------------------\u001b[0m \u001b[1m\u001b[94mfunction or associated item `new` not found for this struct\u001b[0m\n\n"}
{"$message_type":"diagnostic","message":"aborting due to 10 previous errors","code":null,"level":"error","spans":[],"children":[],"rendered":"\u001b[1m\u001b[91merror\u001b[0m\u001b[1m: aborting due to 10 previous errors\u001b[0m\n\n"}
{"$message_type":"diagnostic","message":"Some errors have detailed explanations: E0412, E0425, E0599.","code":null,"level":"failure-note","spans":[],"children":[],"rendered":"\u001b[1mSome errors have detailed explanations: E0412, E0425, E0599.\u001b[0m\n"}
{"$message_type":"diagnostic","message":"For more information about an error, try `rustc --explain E0412`.","code":null,"level":"failure-note","spans":[],"children":[],"rendered":"\u001b[1mFor more information about an error, try `rustc --explain E0412`.\u001b[0m\n"}
